<?xml version="1.0" encoding="UTF-8"?>
<!-- Generated by org.testng.reporters.JUnitReportReporter -->
<testsuite skipped="0" hostname="DESKTOP-3DSE8DH" name="com.testNG_Practice.Priority_Concept" tests="3" failures="0" timestamp="2022-04-02T20:18:30 IST" time="0.025" errors="0">
  <testcase name="password" time="0.025" classname="com.testNG_Practice.Priority_Concept"/>
  <system-out/>
  <testcase name="login" time="0.000" classname="com.testNG_Practice.Priority_Concept"/>
  <system-out/>
  <testcase name="username" time="0.000" classname="com.testNG_Practice.Priority_Concept"/>
  <system-out/>
</testsuite> <!-- com.testNG_Practice.Priority_Concept -->
