<?xml version="1.0" encoding="UTF-8"?>
<!-- Generated by org.testng.reporters.JUnitReportReporter -->
<testsuite skipped="0" hostname="DESKTOP-3DSE8DH" name="com.testNG_Practice.Expected_Exception" tests="1" failures="0" timestamp="2022-04-02T22:35:31 IST" time="0.026" errors="0">
  <testcase name="calculator" time="0.026" classname="com.testNG_Practice.Expected_Exception"/>
  <system-out/>
</testsuite> <!-- com.testNG_Practice.Expected_Exception -->
