<?xml version="1.0" encoding="UTF-8"?>
<!-- Generated by org.testng.reporters.JUnitReportReporter -->
<testsuite skipped="1" hostname="DESKTOP-3DSE8DH" name="com.testNG_Practice.Ignore_Test" tests="3" failures="0" timestamp="2022-04-02T20:36:18 IST" time="0.032" errors="0">
  <testcase name="spotify" time="0.024" classname="com.testNG_Practice.Ignore_Test"/>
  <system-out/>
  <testcase name="wynkMusic" time="0.008" classname="com.testNG_Practice.Ignore_Test"/>
  <system-out/>
  <testcase name="books" classname="com.testNG_Practice.Ignore_Test">
    <skipped/>
  </testcase> <!-- books -->
  <system-out/>
</testsuite> <!-- com.testNG_Practice.Ignore_Test -->
