<?xml version="1.0" encoding="UTF-8"?>
<!-- Generated by org.testng.reporters.JUnitReportReporter -->
<testsuite skipped="0" hostname="DESKTOP-3DSE8DH" name="com.testNG_Practice.Parallel_Testing" tests="2" failures="0" timestamp="2022-04-03T00:02:44 IST" time="0.050" errors="0">
  <testcase name="password" time="0.025" classname="com.testNG_Practice.Parallel_Testing"/>
  <system-out/>
  <testcase name="username" time="0.025" classname="com.testNG_Practice.Parallel_Testing"/>
  <system-out/>
</testsuite> <!-- com.testNG_Practice.Parallel_Testing -->
