<?xml version="1.0" encoding="UTF-8"?>
<!-- Generated by org.testng.reporters.JUnitReportReporter -->
<testsuite skipped="0" hostname="DESKTOP-3DSE8DH" name="com.testNG_Practice.Group_Concept" tests="4" failures="0" timestamp="2022-04-02T22:18:39 IST" time="0.038" errors="0">
  <testcase name="whatsapp" time="0.003" classname="com.testNG_Practice.Group_Concept"/>
  <system-out/>
  <testcase name="instagram" time="0.023" classname="com.testNG_Practice.Group_Concept"/>
  <system-out/>
  <testcase name="wynkMusic" time="0.008" classname="com.testNG_Practice.Group_Concept"/>
  <system-out/>
  <testcase name="spotify" time="0.004" classname="com.testNG_Practice.Group_Concept"/>
  <system-out/>
</testsuite> <!-- com.testNG_Practice.Group_Concept -->
