<?xml version="1.0" encoding="UTF-8"?>
<!-- Generated by org.testng.reporters.JUnitReportReporter -->
<testsuite skipped="0" hostname="DESKTOP-3DSE8DH" name="com.testNG_Practice.Data_Provider" tests="6" failures="0" timestamp="2022-04-06T23:13:32 IST" time="0.043" errors="0">
  <testcase name="automation_runner" time="0.005" classname="com.testNG_Practice.Data_Provider"/>
  <system-out/>
  <testcase name="Adactin_Runner" time="0.007" classname="com.testNG_Practice.Data_Provider"/>
  <system-out/>
  <testcase name="Adactin_Runner" time="0.003" classname="com.testNG_Practice.Data_Provider"/>
  <system-out/>
  <testcase name="Adactin_Runner" time="0.019" classname="com.testNG_Practice.Data_Provider"/>
  <system-out/>
  <testcase name="automation_runner" time="0.003" classname="com.testNG_Practice.Data_Provider"/>
  <system-out/>
  <testcase name="automation_runner" time="0.006" classname="com.testNG_Practice.Data_Provider"/>
  <system-out/>
</testsuite> <!-- com.testNG_Practice.Data_Provider -->
