<?xml version="1.0" encoding="UTF-8"?>
<!-- Generated by org.testng.reporters.JUnitReportReporter -->
<testsuite skipped="0" hostname="DESKTOP-3DSE8DH" name="com.testNG_Practice.Group_Concept_with_priority" tests="5" failures="0" timestamp="2022-03-29T17:58:50 IST" time="0.047" errors="0">
  <testcase name="wynkMusic" time="0.016" classname="com.testNG_Practice.Group_Concept_with_priority"/>
  <system-out/>
  <testcase name="spotify" time="0.016" classname="com.testNG_Practice.Group_Concept_with_priority"/>
  <system-out/>
  <testcase name="books" time="0.000" classname="com.testNG_Practice.Group_Concept_with_priority"/>
  <system-out/>
  <testcase name="whatsapp" time="0.015" classname="com.testNG_Practice.Group_Concept_with_priority"/>
  <system-out/>
  <testcase name="instagram" time="0.000" classname="com.testNG_Practice.Group_Concept_with_priority"/>
  <system-out/>
</testsuite> <!-- com.testNG_Practice.Group_Concept_with_priority -->
