<?xml version="1.0" encoding="UTF-8"?>
<!-- Generated by org.testng.reporters.JUnitReportReporter -->
<testsuite skipped="0" hostname="DESKTOP-3DSE8DH" name="com.testNG_Practice.Dependency_Test" tests="3" failures="0" timestamp="2022-04-02T23:19:08 IST" time="0.041" errors="0">
  <testcase name="offer" time="0.008" classname="com.testNG_Practice.Dependency_Test"/>
  <system-out/>
  <testcase name="mobile" time="0.025" classname="com.testNG_Practice.Dependency_Test"/>
  <system-out/>
  <testcase name="watch" time="0.008" classname="com.testNG_Practice.Dependency_Test"/>
  <system-out/>
</testsuite> <!-- com.testNG_Practice.Dependency_Test -->
