<?xml version="1.0" encoding="UTF-8"?>
<!-- Generated by org.testng.reporters.JUnitReportReporter -->
<testsuite skipped="0" hostname="DESKTOP-3DSE8DH" name="com.testNG_Practice.Automation_testNG" tests="3" failures="0" timestamp="2022-04-01T22:59:45 IST" time="192.678" errors="0">
  <testcase name="eveining_dress" time="72.891" classname="com.testNG_Practice.Automation_testNG"/>
  <system-out/>
  <testcase name="summer_dress" time="61.604" classname="com.testNG_Practice.Automation_testNG"/>
  <system-out/>
  <testcase name="casual_dress" time="58.183" classname="com.testNG_Practice.Automation_testNG"/>
  <system-out/>
</testsuite> <!-- com.testNG_Practice.Automation_testNG -->
