<?xml version="1.0" encoding="UTF-8"?>
<!-- Generated by org.testng.reporters.JUnitReportReporter -->
<testsuite skipped="0" hostname="DESKTOP-3DSE8DH" name="com.testNG_Practice.Innocation_Count" tests="6" failures="0" timestamp="2022-04-02T22:33:46 IST" time="0.072" errors="0">
  <testcase name="browser_launch" time="0.025" classname="com.testNG_Practice.Innocation_Count"/>
  <system-out/>
  <testcase name="launch_url" time="0.003" classname="com.testNG_Practice.Innocation_Count"/>
  <system-out/>
  <testcase name="refresh" time="0.003" classname="com.testNG_Practice.Innocation_Count"/>
  <system-out/>
  <testcase name="refresh" time="0.018" classname="com.testNG_Practice.Innocation_Count"/>
  <system-out/>
  <testcase name="refresh" time="0.003" classname="com.testNG_Practice.Innocation_Count"/>
  <system-out/>
  <testcase name="Credential" time="0.020" classname="com.testNG_Practice.Innocation_Count"/>
  <system-out/>
</testsuite> <!-- com.testNG_Practice.Innocation_Count -->
