<?xml version="1.0" encoding="UTF-8"?>
<!-- Generated by org.testng.reporters.JUnitReportReporter -->
<testsuite skipped="0" hostname="DESKTOP-3DSE8DH" name="com.testNG_Practice.Annotation_Practice" tests="2" failures="0" timestamp="2022-03-29T14:36:46 IST" time="0.033" errors="0">
  <testcase name="children" time="0.026" classname="com.testNG_Practice.Annotation_Practice"/>
  <system-out/>
  <testcase name="women" time="0.007" classname="com.testNG_Practice.Annotation_Practice"/>
  <system-out/>
</testsuite> <!-- com.testNG_Practice.Annotation_Practice -->
