<?xml version="1.0" encoding="UTF-8"?>
<!-- Generated by org.testng.reporters.JUnitReportReporter -->
<testsuite skipped="0" hostname="DESKTOP-3DSE8DH" name="com.testNG_Practice.Timeout_Exception" tests="1" failures="0" timestamp="2022-04-02T22:46:20 IST" time="6.061" errors="0">
  <testcase name="browser_Execution" time="6.061" classname="com.testNG_Practice.Timeout_Exception"/>
  <system-out/>
</testsuite> <!-- com.testNG_Practice.Timeout_Exception -->
